<?xml version="1.0" encoding="UTF-8"?>
<!-- Generated by org.testng.reporters.JUnitReportReporter -->
<testsuite hostname="IBM-JS072F3" failures="0" tests="2" name="cucumber.TestNGTestRunner" time="66.943" errors="0" timestamp="2024-11-17T18:07:37 IST" skipped="0">
  <testcase classname="cucumber.TestNGTestRunner" name="runScenario" time="33.395"/>
  <testcase classname="cucumber.TestNGTestRunner" name="runScenario" time="33.548"/>
</testsuite> <!-- cucumber.TestNGTestRunner -->
