<?xml version="1.0" encoding="UTF-8"?>
<!-- Generated by org.testng.reporters.JUnitReportReporter -->
<testsuite hostname="IBM-JS072F3" failures="0" tests="2" name="cucumber.TestNGTestRunner" time="60.611" errors="0" timestamp="2024-11-08T14:38:10 IST" skipped="0">
  <testcase classname="cucumber.TestNGTestRunner" name="runScenario" time="30.741"/>
  <testcase classname="cucumber.TestNGTestRunner" name="runScenario" time="29.870"/>
</testsuite> <!-- cucumber.TestNGTestRunner -->
